Arguments: 
  C:\Program Files\nodejs\node.exe C:\Program Files (x86)\Yarn\bin\yarn.js add react router-dom@4.2.2

PATH: 
  C:\Users\Dell\bin;C:\Program Files\Git\mingw64\bin;C:\Program Files\Git\usr\local\bin;C:\Program Files\Git\usr\bin;C:\Program Files\Git\usr\bin;C:\Program Files\Git\mingw64\bin;C:\Program Files\Git\usr\bin;C:\Users\Dell\bin;C:\Program Files (x86)\Python36-32\Scripts;C:\Program Files (x86)\Python36-32;C:\WINDOWS\system32;C:\WINDOWS;C:\WINDOWS\System32\Wbem;C:\WINDOWS\System32\WindowsPowerShell\v1.0;C:\Program Files\nodejs;C:\Program Files (x86)\Yarn\bin;C:\Python2;C:\Python27\Lib\site-packages;C:\Python27\Scripts\";C:\Program Files\Git\cmd;C:\Program Files\PuTTY;C:\Users\Dell\AppData\Local\Microsoft\WindowsApp;.;C:\Program Files\Microsoft VS Code\bin;C:\Users\Dell\AppData\Roaming\npm;C:\Users\Dell\AppData\Local\Yarn\bin;C:\Program Files\Git\usr\bin\vendor_perl;C:\Program Files\Git\usr\bin\core_perl

Yarn version: 
  1.3.2

Node version: 
  9.2.0

Platform: 
  win32 x64

npm manifest: 
  {
    "name": "my-app",
    "version": "0.1.0",
    "private": true,
    "dependencies": {
      "react": "^16.4.2",
      "react-bootstrap": "^0.32.3",
      "react-dom": "^16.4.2",
      "react-scripts": "1.1.5"
    },
    "scripts": {
      "start": "react-scripts start",
      "build": "react-scripts build",
      "test": "react-scripts test --env=jsdom",
      "eject": "react-scripts eject"
    }
  }

yarn manifest: 
  No manifest

Lockfile: 
  No lockfile

Trace: 
  Error: connect ENETUNREACH 104.16.17.35:443
      at Object._errnoException (util.js:1031:13)
      at _exceptionWithHostPort (util.js:1052:20)
      at TCPConnectWrap.afterConnect [as oncomplete] (net.js:1195:14)
